2024-04-23 18:28:19,509 [Worker-2: Loading available Gradle versions] INFO  o.e.b.c.i.u.g.PublishedGradleVersions - Gradle version information cache is up-to-date. Trying to read.
2024-04-23 18:31:38,103 [Worker-5: Import Getting Started Content] INFO  o.e.m.c.i.l.LifecycleMappingFactory - Using org.eclipse.m2e.jdt.JarLifecycleMapping lifecycle mapping for MavenProject: com.gerenciadorpessoa:gerenciadordepessoas:0.0.1-SNAPSHOT @ C:\Users\Noctu\Documents\Work-Space\Spring\Projeto-Gupy\GestaoPessoas\gerenciadordepessoas\pom.xml.
2024-04-23 18:31:41,653 [Worker-5: Import Getting Started Content] INFO  o.e.m.j.i.AbstractJavaProjectConfigurator - Adding source folder /gerenciadordepessoas/src/main/java
2024-04-23 18:31:41,653 [Worker-5: Import Getting Started Content] INFO  o.e.m.j.i.AbstractJavaProjectConfigurator - Adding resource folder /gerenciadordepessoas/src/main/resources
2024-04-23 18:31:41,664 [Worker-5: Import Getting Started Content] INFO  o.e.m.j.i.AbstractJavaProjectConfigurator - Adding resource folder /gerenciadordepessoas/src/main/resources
2024-04-23 18:31:41,673 [Worker-5: Import Getting Started Content] INFO  o.e.m.j.i.AbstractJavaProjectConfigurator - Adding source folder /gerenciadordepessoas/src/test/java
2024-04-23 18:31:41,674 [Worker-5: Import Getting Started Content] INFO  o.e.m.j.i.AbstractJavaProjectConfigurator - Adding resource folder /gerenciadordepessoas/src/test/resources
2024-04-23 18:31:45,532 [Worker-5: Import Getting Started Content] INFO  o.e.m.c.i.p.ProjectConfigurationManager - Imported and configured 1 project(s) in 10 sec
2024-04-23 18:31:45,534 [Worker-5: Import Getting Started Content] INFO  o.e.m.c.i.p.ProjectConfigurationManager - Update started
2024-04-23 18:31:45,836 [Worker-5: Import Getting Started Content] INFO  o.e.m.c.i.l.LifecycleMappingFactory - Using org.eclipse.m2e.jdt.JarLifecycleMapping lifecycle mapping for MavenProject: com.gerenciadorpessoa:gerenciadordepessoas:0.0.1-SNAPSHOT @ C:\Users\Noctu\Documents\Work-Space\Spring\Projeto-Gupy\GestaoPessoas\gerenciadordepessoas\pom.xml.
2024-04-23 18:31:46,386 [Worker-5: Import Getting Started Content] INFO  o.e.m.j.i.AbstractJavaProjectConfigurator - Adding source folder /gerenciadordepessoas/src/main/java
2024-04-23 18:31:46,386 [Worker-5: Import Getting Started Content] INFO  o.e.m.j.i.AbstractJavaProjectConfigurator - Adding resource folder /gerenciadordepessoas/src/main/resources
2024-04-23 18:31:46,387 [Worker-5: Import Getting Started Content] INFO  o.e.m.j.i.AbstractJavaProjectConfigurator - Adding resource folder /gerenciadordepessoas/src/main/resources
2024-04-23 18:31:46,387 [Worker-5: Import Getting Started Content] INFO  o.e.m.j.i.AbstractJavaProjectConfigurator - Adding source folder /gerenciadordepessoas/src/test/java
2024-04-23 18:31:46,388 [Worker-5: Import Getting Started Content] INFO  o.e.m.j.i.AbstractJavaProjectConfigurator - Adding resource folder /gerenciadordepessoas/src/test/resources
2024-04-23 18:31:46,909 [Worker-5: Import Getting Started Content] INFO  o.e.m.c.i.p.ProjectConfigurationManager - Update completed for 1 poms: local refresh takes 0,00 sec, refresh facades takes 0,00 sec, update config takes 0,00 sec 
2024-04-23 18:31:47,562 [Worker-3: Building] INFO  o.a.m.s.f.DefaultMavenResourcesFiltering - Copying 1 resource from src\main\resources to target\classes
2024-04-23 18:31:47,581 [Worker-3: Building] INFO  o.a.m.s.f.DefaultMavenResourcesFiltering - Copying 0 resource from src\main\resources to target\classes
2024-04-23 18:31:47,588 [Worker-3: Building] INFO  o.a.m.s.f.DefaultMavenResourcesFiltering - skip non existing resourceDirectory C:\Users\Noctu\Documents\Work-Space\Spring\Projeto-Gupy\GestaoPessoas\gerenciadordepessoas\src\test\resources
2024-04-23 18:32:09,242 [Worker-3: Building] INFO  o.a.m.s.f.DefaultMavenResourcesFiltering - Copying 1 resource from src\main\resources to target\classes
2024-04-23 18:32:09,249 [Worker-3: Building] INFO  o.a.m.s.f.DefaultMavenResourcesFiltering - Copying 0 resource from src\main\resources to target\classes
2024-04-23 18:32:09,254 [Worker-3: Building] INFO  o.a.m.s.f.DefaultMavenResourcesFiltering - skip non existing resourceDirectory C:\Users\Noctu\Documents\Work-Space\Spring\Projeto-Gupy\GestaoPessoas\gerenciadordepessoas\src\test\resources
2024-04-23 18:32:48,893 [Worker-4: Building] INFO  o.a.m.s.f.DefaultMavenResourcesFiltering - Copying 1 resource from src\main\resources to target\classes
2024-04-23 18:32:48,899 [Worker-4: Building] INFO  o.a.m.s.f.DefaultMavenResourcesFiltering - Copying 0 resource from src\main\resources to target\classes
2024-04-23 18:32:48,904 [Worker-4: Building] INFO  o.a.m.s.f.DefaultMavenResourcesFiltering - skip non existing resourceDirectory C:\Users\Noctu\Documents\Work-Space\Spring\Projeto-Gupy\GestaoPessoas\gerenciadordepessoas\src\test\resources
2024-04-23 18:33:50,564 [Worker-6: Building] INFO  o.a.m.s.f.DefaultMavenResourcesFiltering - Copying 1 resource from src\main\resources to target\classes
2024-04-23 18:33:50,569 [Worker-6: Building] INFO  o.a.m.s.f.DefaultMavenResourcesFiltering - Copying 0 resource from src\main\resources to target\classes
2024-04-23 18:33:50,572 [Worker-6: Building] INFO  o.a.m.s.f.DefaultMavenResourcesFiltering - skip non existing resourceDirectory C:\Users\Noctu\Documents\Work-Space\Spring\Projeto-Gupy\GestaoPessoas\gerenciadordepessoas\src\test\resources
2024-04-23 18:34:30,927 [Worker-5: Building] INFO  o.a.m.s.f.DefaultMavenResourcesFiltering - Copying 1 resource from src\main\resources to target\classes
2024-04-23 18:34:30,933 [Worker-5: Building] INFO  o.a.m.s.f.DefaultMavenResourcesFiltering - Copying 0 resource from src\main\resources to target\classes
2024-04-23 18:34:30,935 [Worker-5: Building] INFO  o.a.m.s.f.DefaultMavenResourcesFiltering - skip non existing resourceDirectory C:\Users\Noctu\Documents\Work-Space\Spring\Projeto-Gupy\GestaoPessoas\gerenciadordepessoas\src\test\resources
2024-04-23 18:34:45,612 [Worker-13: Building] INFO  o.a.m.s.f.DefaultMavenResourcesFiltering - Copying 1 resource from src\main\resources to target\classes
2024-04-23 18:34:45,615 [Worker-13: Building] INFO  o.a.m.s.f.DefaultMavenResourcesFiltering - Copying 0 resource from src\main\resources to target\classes
2024-04-23 18:34:45,619 [Worker-13: Building] INFO  o.a.m.s.f.DefaultMavenResourcesFiltering - skip non existing resourceDirectory C:\Users\Noctu\Documents\Work-Space\Spring\Projeto-Gupy\GestaoPessoas\gerenciadordepessoas\src\test\resources
2024-04-23 18:35:02,891 [Worker-6: Building] INFO  o.a.m.s.f.DefaultMavenResourcesFiltering - Copying 1 resource from src\main\resources to target\classes
2024-04-23 18:35:02,894 [Worker-6: Building] INFO  o.a.m.s.f.DefaultMavenResourcesFiltering - Copying 0 resource from src\main\resources to target\classes
2024-04-23 18:35:02,896 [Worker-6: Building] INFO  o.a.m.s.f.DefaultMavenResourcesFiltering - skip non existing resourceDirectory C:\Users\Noctu\Documents\Work-Space\Spring\Projeto-Gupy\GestaoPessoas\gerenciadordepessoas\src\test\resources
2024-04-23 18:35:37,910 [Worker-3: Building] INFO  o.a.m.s.f.DefaultMavenResourcesFiltering - Copying 1 resource from src\main\resources to target\classes
2024-04-23 18:35:37,954 [Worker-3: Building] INFO  o.a.m.s.f.DefaultMavenResourcesFiltering - Copying 0 resource from src\main\resources to target\classes
2024-04-23 18:35:37,958 [Worker-3: Building] INFO  o.a.m.s.f.DefaultMavenResourcesFiltering - skip non existing resourceDirectory C:\Users\Noctu\Documents\Work-Space\Spring\Projeto-Gupy\GestaoPessoas\gerenciadordepessoas\src\test\resources
2024-04-23 18:35:51,781 [Worker-9: Building] INFO  o.a.m.s.f.DefaultMavenResourcesFiltering - Copying 1 resource from src\main\resources to target\classes
2024-04-23 18:35:51,787 [Worker-9: Building] INFO  o.a.m.s.f.DefaultMavenResourcesFiltering - Copying 0 resource from src\main\resources to target\classes
2024-04-23 18:35:51,790 [Worker-9: Building] INFO  o.a.m.s.f.DefaultMavenResourcesFiltering - skip non existing resourceDirectory C:\Users\Noctu\Documents\Work-Space\Spring\Projeto-Gupy\GestaoPessoas\gerenciadordepessoas\src\test\resources
2024-04-23 18:36:02,867 [Worker-6: Building] INFO  o.a.m.s.f.DefaultMavenResourcesFiltering - Copying 1 resource from src\main\resources to target\classes
2024-04-23 18:36:02,907 [Worker-6: Building] INFO  o.a.m.s.f.DefaultMavenResourcesFiltering - Copying 0 resource from src\main\resources to target\classes
2024-04-23 18:36:02,910 [Worker-6: Building] INFO  o.a.m.s.f.DefaultMavenResourcesFiltering - skip non existing resourceDirectory C:\Users\Noctu\Documents\Work-Space\Spring\Projeto-Gupy\GestaoPessoas\gerenciadordepessoas\src\test\resources
2024-04-23 18:36:31,263 [Worker-9: Building] INFO  o.a.m.s.f.DefaultMavenResourcesFiltering - Copying 1 resource from src\main\resources to target\classes
2024-04-23 18:36:31,267 [Worker-9: Building] INFO  o.a.m.s.f.DefaultMavenResourcesFiltering - Copying 0 resource from src\main\resources to target\classes
2024-04-23 18:36:31,269 [Worker-9: Building] INFO  o.a.m.s.f.DefaultMavenResourcesFiltering - skip non existing resourceDirectory C:\Users\Noctu\Documents\Work-Space\Spring\Projeto-Gupy\GestaoPessoas\gerenciadordepessoas\src\test\resources
2024-04-23 18:37:10,447 [Worker-5: Building] INFO  o.a.m.s.f.DefaultMavenResourcesFiltering - Copying 1 resource from src\main\resources to target\classes
2024-04-23 18:37:10,454 [Worker-5: Building] INFO  o.a.m.s.f.DefaultMavenResourcesFiltering - Copying 0 resource from src\main\resources to target\classes
2024-04-23 18:37:10,457 [Worker-5: Building] INFO  o.a.m.s.f.DefaultMavenResourcesFiltering - skip non existing resourceDirectory C:\Users\Noctu\Documents\Work-Space\Spring\Projeto-Gupy\GestaoPessoas\gerenciadordepessoas\src\test\resources
2024-04-23 18:37:19,680 [Worker-6: Building] INFO  o.a.m.s.f.DefaultMavenResourcesFiltering - Copying 1 resource from src\main\resources to target\classes
2024-04-23 18:37:19,683 [Worker-6: Building] INFO  o.a.m.s.f.DefaultMavenResourcesFiltering - Copying 0 resource from src\main\resources to target\classes
2024-04-23 18:37:19,686 [Worker-6: Building] INFO  o.a.m.s.f.DefaultMavenResourcesFiltering - skip non existing resourceDirectory C:\Users\Noctu\Documents\Work-Space\Spring\Projeto-Gupy\GestaoPessoas\gerenciadordepessoas\src\test\resources
2024-04-23 18:37:33,715 [Worker-9: Building] INFO  o.a.m.s.f.DefaultMavenResourcesFiltering - Copying 1 resource from src\main\resources to target\classes
2024-04-23 18:37:33,719 [Worker-9: Building] INFO  o.a.m.s.f.DefaultMavenResourcesFiltering - Copying 0 resource from src\main\resources to target\classes
2024-04-23 18:37:33,722 [Worker-9: Building] INFO  o.a.m.s.f.DefaultMavenResourcesFiltering - skip non existing resourceDirectory C:\Users\Noctu\Documents\Work-Space\Spring\Projeto-Gupy\GestaoPessoas\gerenciadordepessoas\src\test\resources
2024-04-23 18:38:17,385 [Worker-7: Building] INFO  o.a.m.s.f.DefaultMavenResourcesFiltering - Copying 1 resource from src\main\resources to target\classes
2024-04-23 18:38:17,388 [Worker-7: Building] INFO  o.a.m.s.f.DefaultMavenResourcesFiltering - Copying 0 resource from src\main\resources to target\classes
2024-04-23 18:38:17,390 [Worker-7: Building] INFO  o.a.m.s.f.DefaultMavenResourcesFiltering - skip non existing resourceDirectory C:\Users\Noctu\Documents\Work-Space\Spring\Projeto-Gupy\GestaoPessoas\gerenciadordepessoas\src\test\resources
2024-04-23 18:38:47,631 [Worker-7: Building] INFO  o.a.m.s.f.DefaultMavenResourcesFiltering - Copying 1 resource from src\main\resources to target\classes
2024-04-23 18:38:47,635 [Worker-7: Building] INFO  o.a.m.s.f.DefaultMavenResourcesFiltering - Copying 0 resource from src\main\resources to target\classes
2024-04-23 18:38:47,639 [Worker-7: Building] INFO  o.a.m.s.f.DefaultMavenResourcesFiltering - skip non existing resourceDirectory C:\Users\Noctu\Documents\Work-Space\Spring\Projeto-Gupy\GestaoPessoas\gerenciadordepessoas\src\test\resources
2024-04-23 18:38:54,324 [Worker-5: Building] INFO  o.a.m.s.f.DefaultMavenResourcesFiltering - Copying 1 resource from src\main\resources to target\classes
2024-04-23 18:38:54,327 [Worker-5: Building] INFO  o.a.m.s.f.DefaultMavenResourcesFiltering - Copying 0 resource from src\main\resources to target\classes
2024-04-23 18:38:54,330 [Worker-5: Building] INFO  o.a.m.s.f.DefaultMavenResourcesFiltering - skip non existing resourceDirectory C:\Users\Noctu\Documents\Work-Space\Spring\Projeto-Gupy\GestaoPessoas\gerenciadordepessoas\src\test\resources
2024-04-23 18:39:42,896 [Worker-6: Building] INFO  o.a.m.s.f.DefaultMavenResourcesFiltering - Copying 1 resource from src\main\resources to target\classes
2024-04-23 18:39:42,899 [Worker-6: Building] INFO  o.a.m.s.f.DefaultMavenResourcesFiltering - Copying 0 resource from src\main\resources to target\classes
2024-04-23 18:39:42,901 [Worker-6: Building] INFO  o.a.m.s.f.DefaultMavenResourcesFiltering - skip non existing resourceDirectory C:\Users\Noctu\Documents\Work-Space\Spring\Projeto-Gupy\GestaoPessoas\gerenciadordepessoas\src\test\resources
2024-04-23 18:40:29,698 [Worker-0: Building] INFO  o.e.m.c.i.l.LifecycleMappingFactory - Using org.eclipse.m2e.jdt.JarLifecycleMapping lifecycle mapping for MavenProject: com.gerenciadorpessoa:gerenciadordepessoas:0.0.1-SNAPSHOT @ C:\Users\Noctu\Documents\Work-Space\Spring\Projeto-Gupy\GestaoPessoas\gestao_de_pessoas_db\pom.xml.
2024-04-23 18:40:30,446 [Worker-0: Building] INFO  o.a.m.s.f.DefaultMavenResourcesFiltering - Copying 1 resource from src\main\resources to target\classes
2024-04-23 18:40:30,465 [Worker-0: Building] INFO  o.a.m.s.f.DefaultMavenResourcesFiltering - Copying 0 resource from src\main\resources to target\classes
2024-04-23 18:40:30,474 [Worker-0: Building] INFO  o.a.m.s.f.DefaultMavenResourcesFiltering - skip non existing resourceDirectory C:\Users\Noctu\Documents\Work-Space\Spring\Projeto-Gupy\GestaoPessoas\gestao_de_pessoas_db\src\test\resources
2024-04-23 18:43:00,650 [Worker-20: Building] INFO  o.a.m.s.f.DefaultMavenResourcesFiltering - Copying 1 resource from src\main\resources to target\classes
2024-04-23 18:43:00,652 [Worker-20: Building] INFO  o.a.m.s.f.DefaultMavenResourcesFiltering - Copying 0 resource from src\main\resources to target\classes
2024-04-23 18:43:00,654 [Worker-20: Building] INFO  o.a.m.s.f.DefaultMavenResourcesFiltering - skip non existing resourceDirectory C:\Users\Noctu\Documents\Work-Space\Spring\Projeto-Gupy\GestaoPessoas\gestao_de_pessoas_db\src\test\resources
2024-04-23 18:51:40,961 [Worker-4: Loading available Gradle versions] INFO  o.e.b.c.i.u.g.PublishedGradleVersions - Gradle version information cache is up-to-date. Trying to read.
2024-04-23 18:56:48,393 [Worker-2: Loading available Gradle versions] INFO  o.e.b.c.i.u.g.PublishedGradleVersions - Gradle version information cache is up-to-date. Trying to read.
2024-04-23 18:57:18,169 [Worker-6: Building] INFO  o.e.m.c.i.l.LifecycleMappingFactory - Using org.eclipse.m2e.jdt.JarLifecycleMapping lifecycle mapping for MavenProject: com.gerenciadorpessoa:gerenciadordepessoas:0.0.1-SNAPSHOT @ C:\Users\Noctu\Documents\Work-Space\Spring\Projeto-Gupy\gestao_de_pessoas\gestao_de_pessoas\pom.xml.
2024-04-23 18:57:20,880 [Worker-6: Building] INFO  o.a.m.s.f.DefaultMavenResourcesFiltering - Copying 1 resource from src\main\resources to target\classes
2024-04-23 18:57:20,903 [Worker-6: Building] INFO  o.a.m.s.f.DefaultMavenResourcesFiltering - Copying 0 resource from src\main\resources to target\classes
2024-04-23 18:57:20,909 [Worker-6: Building] INFO  o.a.m.s.f.DefaultMavenResourcesFiltering - skip non existing resourceDirectory C:\Users\Noctu\Documents\Work-Space\Spring\Projeto-Gupy\gestao_de_pessoas\gestao_de_pessoas\src\test\resources
2024-04-23 18:57:26,466 [Worker-3: Building] INFO  o.a.m.s.f.DefaultMavenResourcesFiltering - Copying 1 resource from src\main\resources to target\classes
2024-04-23 18:57:26,471 [Worker-3: Building] INFO  o.a.m.s.f.DefaultMavenResourcesFiltering - Copying 0 resource from src\main\resources to target\classes
2024-04-23 18:57:26,475 [Worker-3: Building] INFO  o.a.m.s.f.DefaultMavenResourcesFiltering - skip non existing resourceDirectory C:\Users\Noctu\Documents\Work-Space\Spring\Projeto-Gupy\gestao_de_pessoas\gestao_de_pessoas\src\test\resources
2024-04-23 21:39:15,791 [Worker-37: Building] INFO  o.e.m.c.i.l.LifecycleMappingFactory - Using org.eclipse.m2e.jdt.JarLifecycleMapping lifecycle mapping for MavenProject: com.gerenciadorpessoa:gerenciadordepessoas:0.0.1-SNAPSHOT @ C:\Users\Noctu\Documents\Work-Space\Spring\Projeto-Gupy\gestao_de_pessoas\gestao_de_pessoas\pom.xml.
2024-04-23 21:39:17,393 [Worker-37: Building] INFO  o.a.m.s.f.DefaultMavenResourcesFiltering - Copying 0 resource from src\main\resources to target\classes
2024-04-23 21:39:17,402 [Worker-37: Building] INFO  o.a.m.s.f.DefaultMavenResourcesFiltering - Copying 0 resource from src\main\resources to target\classes
2024-04-23 21:39:17,408 [Worker-37: Building] INFO  o.a.m.s.f.DefaultMavenResourcesFiltering - skip non existing resourceDirectory C:\Users\Noctu\Documents\Work-Space\Spring\Projeto-Gupy\gestao_de_pessoas\gestao_de_pessoas\src\test\resources
2024-04-23 21:40:21,967 [Worker-2: Loading available Gradle versions] INFO  o.e.b.c.i.u.g.PublishedGradleVersions - Gradle version information cache is up-to-date. Trying to read.
2024-04-23 21:41:06,281 [Worker-12: Building] INFO  o.e.m.c.i.l.LifecycleMappingFactory - Using org.eclipse.m2e.jdt.JarLifecycleMapping lifecycle mapping for MavenProject: com.gerenciadorpessoa:gerenciadordepessoas:0.0.1-SNAPSHOT @ C:\Users\Noctu\Documents\Work-Space\Spring\Projeto-Gupy\gestao_de_pessoas\gestao_de_pessoas\pom.xml.
2024-04-23 21:41:08,058 [Worker-12: Building] INFO  o.a.m.s.f.DefaultMavenResourcesFiltering - Copying 1 resource from src\main\resources to target\classes
2024-04-23 21:41:08,077 [Worker-12: Building] INFO  o.a.m.s.f.DefaultMavenResourcesFiltering - Copying 0 resource from src\main\resources to target\classes
2024-04-23 21:41:08,083 [Worker-12: Building] INFO  o.a.m.s.f.DefaultMavenResourcesFiltering - skip non existing resourceDirectory C:\Users\Noctu\Documents\Work-Space\Spring\Projeto-Gupy\gestao_de_pessoas\gestao_de_pessoas\src\test\resources
2024-04-23 21:42:06,755 [Worker-6: Building] INFO  o.a.m.s.f.DefaultMavenResourcesFiltering - Copying 1 resource from src\main\resources to target\classes
2024-04-23 21:42:06,760 [Worker-6: Building] INFO  o.a.m.s.f.DefaultMavenResourcesFiltering - Copying 0 resource from src\main\resources to target\classes
2024-04-23 21:42:06,764 [Worker-6: Building] INFO  o.a.m.s.f.DefaultMavenResourcesFiltering - skip non existing resourceDirectory C:\Users\Noctu\Documents\Work-Space\Spring\Projeto-Gupy\gestao_de_pessoas\gestao_de_pessoas\src\test\resources
2024-04-23 21:54:40,225 [Worker-6: Loading available Gradle versions] INFO  o.e.b.c.i.u.g.PublishedGradleVersions - Gradle version information cache is up-to-date. Trying to read.
2024-04-23 22:05:05,510 [Worker-16: Building] INFO  o.a.m.s.f.DefaultMavenResourcesFiltering - Copying 1 resource from src\main\resources to target\classes
2024-04-23 22:05:05,557 [Worker-16: Building] INFO  o.a.m.s.f.DefaultMavenResourcesFiltering - Copying 0 resource from src\main\resources to target\classes
2024-04-23 22:05:05,570 [Worker-16: Building] INFO  o.a.m.s.f.DefaultMavenResourcesFiltering - skip non existing resourceDirectory C:\Users\Noctu\Documents\Work-Space\Spring\Projeto-Gupy\gestao_de_pessoas\gestao_de_pessoas\src\test\resources
2024-04-23 22:05:59,997 [Worker-10: Building] INFO  o.a.m.s.f.DefaultMavenResourcesFiltering - Copying 1 resource from src\main\resources to target\classes
2024-04-23 22:06:00,004 [Worker-10: Building] INFO  o.a.m.s.f.DefaultMavenResourcesFiltering - Copying 0 resource from src\main\resources to target\classes
2024-04-23 22:06:00,009 [Worker-10: Building] INFO  o.a.m.s.f.DefaultMavenResourcesFiltering - skip non existing resourceDirectory C:\Users\Noctu\Documents\Work-Space\Spring\Projeto-Gupy\gestao_de_pessoas\gestao_de_pessoas\src\test\resources
2024-04-23 22:07:57,214 [Worker-19: Building] INFO  o.a.m.s.f.DefaultMavenResourcesFiltering - Copying 1 resource from src\main\resources to target\classes
2024-04-23 22:07:57,220 [Worker-19: Building] INFO  o.a.m.s.f.DefaultMavenResourcesFiltering - Copying 0 resource from src\main\resources to target\classes
2024-04-23 22:07:57,224 [Worker-19: Building] INFO  o.a.m.s.f.DefaultMavenResourcesFiltering - skip non existing resourceDirectory C:\Users\Noctu\Documents\Work-Space\Spring\Projeto-Gupy\gestao_de_pessoas\gestao_de_pessoas\src\test\resources
2024-04-23 22:08:15,200 [Worker-15: Building] INFO  o.a.m.s.f.DefaultMavenResourcesFiltering - Copying 1 resource from src\main\resources to target\classes
2024-04-23 22:08:15,204 [Worker-15: Building] INFO  o.a.m.s.f.DefaultMavenResourcesFiltering - Copying 0 resource from src\main\resources to target\classes
2024-04-23 22:08:15,208 [Worker-15: Building] INFO  o.a.m.s.f.DefaultMavenResourcesFiltering - skip non existing resourceDirectory C:\Users\Noctu\Documents\Work-Space\Spring\Projeto-Gupy\gestao_de_pessoas\gestao_de_pessoas\src\test\resources
2024-04-23 22:09:27,162 [Worker-21: Building] INFO  o.a.m.s.f.DefaultMavenResourcesFiltering - Copying 1 resource from src\main\resources to target\classes
2024-04-23 22:09:27,167 [Worker-21: Building] INFO  o.a.m.s.f.DefaultMavenResourcesFiltering - Copying 0 resource from src\main\resources to target\classes
2024-04-23 22:09:27,171 [Worker-21: Building] INFO  o.a.m.s.f.DefaultMavenResourcesFiltering - skip non existing resourceDirectory C:\Users\Noctu\Documents\Work-Space\Spring\Projeto-Gupy\gestao_de_pessoas\gestao_de_pessoas\src\test\resources
2024-04-23 22:10:35,511 [Worker-21: Building] INFO  o.a.m.s.f.DefaultMavenResourcesFiltering - Copying 1 resource from src\main\resources to target\classes
2024-04-23 22:10:35,516 [Worker-21: Building] INFO  o.a.m.s.f.DefaultMavenResourcesFiltering - Copying 0 resource from src\main\resources to target\classes
2024-04-23 22:10:35,519 [Worker-21: Building] INFO  o.a.m.s.f.DefaultMavenResourcesFiltering - skip non existing resourceDirectory C:\Users\Noctu\Documents\Work-Space\Spring\Projeto-Gupy\gestao_de_pessoas\gestao_de_pessoas\src\test\resources
2024-04-23 22:17:03,824 [Worker-26: Building] INFO  o.a.m.s.f.DefaultMavenResourcesFiltering - Copying 1 resource from src\main\resources to target\classes
2024-04-23 22:17:03,829 [Worker-26: Building] INFO  o.a.m.s.f.DefaultMavenResourcesFiltering - Copying 0 resource from src\main\resources to target\classes
2024-04-23 22:17:03,831 [Worker-26: Building] INFO  o.a.m.s.f.DefaultMavenResourcesFiltering - skip non existing resourceDirectory C:\Users\Noctu\Documents\Work-Space\Spring\Projeto-Gupy\gestao_de_pessoas\gestao_de_pessoas\src\test\resources
